C51 COMPILER V9.01   MAIN                                                                  01/29/2024 14:32:37 PAGE 1   


C51 COMPILER V9.01, COMPILATION OF MODULE MAIN
OBJECT MODULE PLACED IN Main.OBJ
COMPILER INVOKED BY: C:\Keil\C51\BIN\C51.EXE Main.c BROWSE DEBUG OBJECTEXTEND

line level    source

   1          #include <STC8G.H>
   2          #include "intrins.H"
   3          #define u8 unsigned char 
   4          #define u16 unsigned int 
   5          u16 disp_cjm[16] = {0x8FFF,0xA7FF,0x347F,0x739F,0x7BA3,0x7BB9,0x7BBD,0x7BBD,0x7BA5,0x7B95,0x7BB3,0x7BBF,0x
             -347F,0xA7FF,0xAFFF,0xCFFF};
   6          sbit mercury_key0 = P3^0;
   7          sbit mercury_key1 = P3^1;
   8          
   9          void P3P5(unsigned char hex)
  10          {
  11   1              P37 = hex&0x01;
  12   1              P36 = hex&0x02;                    
  13   1              P35 = hex&0x04;
  14   1              P34 = hex&0x08;
  15   1              P33 = hex&0x10;
  16   1              P32 = hex&0x20;
  17   1              P54 = hex&0x40;
  18   1              P55 = hex&0x80;
  19   1      }
  20          
  21          void P1P3P5(unsigned int temp)
  22          {
  23   1              u8 temp1 = 0;
  24   1              P1=temp;
  25   1              temp1 = temp>>8;
  26   1              P3P5(temp1);
  27   1      }
  28          
  29          void Delayms(int time)          //@12.000MHz
  30          {
  31   1              unsigned char data i, j;
  32   1              while(time--)
  33   1              {
  34   2                      i = 16;
  35   2                      j = 147;
  36   2                      do
  37   2                      {
  38   3                              while (--j);
  39   3                      } while (--i);
  40   2              }
  41   1      }
  42          
  43          u8 i=0;
  44          u16 dat=0;
  45          
  46          void main()
  47          {
  48   1              P1M0=0xff;P1M1=0X00;
  49   1              P3M0=0XFF;P3M1=0X00;
  50   1              P5M0=0XFF;P5M1=0X00;
  51   1              mercury_key0 = 1;       
  52   1              while(1)
  53   1              {       
  54   2                      for(i=0;i<16;i++)
C51 COMPILER V9.01   MAIN                                                                  01/29/2024 14:32:37 PAGE 2   

  55   2                      {
  56   3                              P1P3P5(disp_cjm[i]);
  57   3                              Delayms(1);
  58   3                      }
  59   2              }
  60   1      }


MODULE INFORMATION:   STATIC OVERLAYABLE
   CODE SIZE        =    119    ----
   CONSTANT SIZE    =   ----    ----
   XDATA SIZE       =   ----    ----
   PDATA SIZE       =   ----    ----
   DATA SIZE        =     35    ----
   IDATA SIZE       =   ----    ----
   BIT SIZE         =   ----    ----
END OF MODULE INFORMATION.


C51 COMPILATION COMPLETE.  0 WARNING(S),  0 ERROR(S)
